<?xml version="1.0" encoding="UTF-8"?>
<testsuite xmlns:xsi="http://www.w3.org/2001/XMLSchema-instance" xsi:noNamespaceSchemaLocation="https://maven.apache.org/surefire/maven-surefire-plugin/xsd/surefire-test-report-3.0.xsd" version="3.0" name="com.example.demo.EmployeeApplicationTests" time="3.72" tests="5" errors="0" skipped="0" failures="0">
  <properties>
[...]
</properties>
  <testcase name="testSaveEmployee" classname="com.example.demo.EmployeeApplicationTests" time="0.355">
    <system-out><![CDATA[12:52:17,750 |-INFO in ch.qos.logback.classic.LoggerContext[default] - This is logback-classic version 1.4.14
12:52:17,763 |-INFO in ch.qos.logback.classic.util.ContextInitializer@31ff6309 - Here is a list of configurators discovered as a service, by rank: 
12:52:17,763 |-INFO in ch.qos.logback.classic.util.ContextInitializer@31ff6309 -   org.springframework.boot.logging.logback.RootLogLevelConfigurator
12:52:17,763 |-INFO in ch.qos.logback.classic.util.ContextInitializer@31ff6309 - They will be invoked in order until ExecutionStatus.DO_NOT_INVOKE_NEXT_IF_ANY is returned.
12:52:17,763 |-INFO in ch.qos.logback.classic.util.ContextInitializer@31ff6309 - Constructed configurator of type class org.springframework.boot.logging.logback.RootLogLevelConfigurator
12:52:17,773 |-INFO in ch.qos.logback.classic.util.ContextInitializer@31ff6309 - org.springframework.boot.logging.logback.RootLogLevelConfigurator.configure() call lasted 1 milliseconds. ExecutionStatus=INVOKE_NEXT_IF_ANY
12:52:17,773 |-INFO in ch.qos.logback.classic.util.ContextInitializer@31ff6309 - Trying to configure with ch.qos.logback.classic.joran.SerializedModelConfigurator
12:52:17,777 |-INFO in ch.qos.logback.classic.util.ContextInitializer@31ff6309 - Constructed configurator of type class ch.qos.logback.classic.joran.SerializedModelConfigurator
12:52:17,780 |-INFO in ch.qos.logback.classic.LoggerContext[default] - Could NOT find resource [logback-test.scmo]
12:52:17,780 |-INFO in ch.qos.logback.classic.LoggerContext[default] - Could NOT find resource [logback.scmo]
12:52:17,780 |-INFO in ch.qos.logback.classic.util.ContextInitializer@31ff6309 - ch.qos.logback.classic.joran.SerializedModelConfigurator.configure() call lasted 3 milliseconds. ExecutionStatus=INVOKE_NEXT_IF_ANY
12:52:17,780 |-INFO in ch.qos.logback.classic.util.ContextInitializer@31ff6309 - Trying to configure with ch.qos.logback.classic.util.DefaultJoranConfigurator
12:52:17,781 |-INFO in ch.qos.logback.classic.util.ContextInitializer@31ff6309 - Constructed configurator of type class ch.qos.logback.classic.util.DefaultJoranConfigurator
12:52:17,781 |-INFO in ch.qos.logback.classic.LoggerContext[default] - Could NOT find resource [logback-test.xml]
12:52:17,784 |-INFO in ch.qos.logback.classic.LoggerContext[default] - Found resource [logback.xml] at [file:/C:/Users/MSuveeth/Project/Employee_Project/Employee_details/target/classes/logback.xml]
12:52:18,023 |-INFO in ch.qos.logback.core.model.processor.AppenderModelHandler - Processing appender named [STDOUT]
12:52:18,023 |-INFO in ch.qos.logback.core.model.processor.AppenderModelHandler - About to instantiate appender of type [ch.qos.logback.core.ConsoleAppender]
12:52:18,089 |-WARN in ch.qos.logback.core.ConsoleAppender[STDOUT] - This appender no longer admits a layout as a sub-component, set an encoder instead.
12:52:18,089 |-WARN in ch.qos.logback.core.ConsoleAppender[STDOUT] - To ensure compatibility, wrapping your layout in LayoutWrappingEncoder.
12:52:18,089 |-WARN in ch.qos.logback.core.ConsoleAppender[STDOUT] - See also http://logback.qos.ch/codes.html#layoutInsteadOfEncoder for details
12:52:18,089 |-INFO in ch.qos.logback.core.model.processor.AppenderModelHandler - Processing appender named [FILE-AUDIT]
12:52:18,089 |-INFO in ch.qos.logback.core.model.processor.AppenderModelHandler - About to instantiate appender of type [ch.qos.logback.core.rolling.RollingFileAppender]
12:52:18,115 |-INFO in c.q.l.core.rolling.TimeBasedRollingPolicy@542019831 - No compression will be used
12:52:18,116 |-INFO in c.q.l.core.rolling.TimeBasedRollingPolicy@542019831 - Will use the pattern logs/archived/debug.%d{yyyy-MM-dd}.%i.log for the active file
12:52:18,120 |-INFO in ch.qos.logback.core.rolling.SizeAndTimeBasedFNATP@20a05b32 - The date pattern is 'yyyy-MM-dd' from file name pattern 'logs/archived/debug.%d{yyyy-MM-dd}.%i.log'.
12:52:18,120 |-INFO in ch.qos.logback.core.rolling.SizeAndTimeBasedFNATP@20a05b32 - Roll-over at midnight.
12:52:18,120 |-INFO in ch.qos.logback.core.rolling.SizeAndTimeBasedFNATP@20a05b32 - Setting initial period to 2024-01-18T10:07:24.750Z
12:52:18,120 |-WARN in ch.qos.logback.core.rolling.SizeAndTimeBasedFNATP@20a05b32 - SizeAndTimeBasedFNATP is deprecated. Use SizeAndTimeBasedRollingPolicy instead
12:52:18,120 |-WARN in ch.qos.logback.core.rolling.SizeAndTimeBasedFNATP@20a05b32 - For more information see http://logback.qos.ch/manual/appenders.html#SizeAndTimeBasedRollingPolicy
12:52:18,140 |-INFO in ch.qos.logback.core.rolling.RollingFileAppender[FILE-AUDIT] - Active log file name: logs/debug.log
12:52:18,140 |-INFO in ch.qos.logback.core.rolling.RollingFileAppender[FILE-AUDIT] - File property is set to [logs/debug.log]
12:52:18,140 |-WARN in ch.qos.logback.core.model.processor.AppenderModelHandler - Appender named [FILE-ERROR] not referenced. Skipping further processing.
12:52:18,140 |-INFO in ch.qos.logback.classic.model.processor.LoggerModelHandler - Setting level of logger [logging.level.com.appsdeveloperblog] to DEBUG
12:52:18,145 |-INFO in ch.qos.logback.classic.model.processor.LoggerModelHandler - Setting additivity of logger [logging.level.com.appsdeveloperblog] to false
12:52:18,145 |-INFO in ch.qos.logback.core.model.processor.AppenderRefModelHandler - Attaching appender named [FILE-AUDIT] to Logger[logging.level.com.appsdeveloperblog]
12:52:18,150 |-INFO in ch.qos.logback.core.model.processor.AppenderRefModelHandler - Attaching appender named [STDOUT] to Logger[logging.level.com.appsdeveloperblog]
12:52:18,150 |-INFO in ch.qos.logback.classic.model.processor.LoggerModelHandler - Setting level of logger [org.springframework.boot.autoconfigure] to INFO
12:52:18,150 |-INFO in ch.qos.logback.classic.model.processor.LoggerModelHandler - Setting level of logger [org.springframework.boot.autoconfigure.condition] to INFO
12:52:18,150 |-INFO in ch.qos.logback.classic.model.processor.RootLoggerModelHandler - Setting level of ROOT logger to INFO
12:52:18,150 |-INFO in ch.qos.logback.core.model.processor.AppenderRefModelHandler - Attaching appender named [STDOUT] to Logger[ROOT]
12:52:18,150 |-INFO in ch.qos.logback.core.model.processor.DefaultProcessor@165e389b - End of configuration.
12:52:18,151 |-INFO in ch.qos.logback.classic.joran.JoranConfigurator@5c73f672 - Registering current configuration as safe fallback point
12:52:18,151 |-INFO in ch.qos.logback.classic.util.ContextInitializer@31ff6309 - ch.qos.logback.classic.util.DefaultJoranConfigurator.configure() call lasted 370 milliseconds. ExecutionStatus=DO_NOT_INVOKE_NEXT_IF_ANY

2024-01-23 12:52:18 [main] INFO  o.s.mock.web.MockServletContext - Initializing Spring TestDispatcherServlet ''
2024-01-23 12:52:18 [main] INFO  o.s.t.w.s.TestDispatcherServlet - Initializing Servlet ''
2024-01-23 12:52:18 [main] INFO  o.s.t.w.s.TestDispatcherServlet - Completed initialization in 5 ms
]]></system-out>
  </testcase>
  <testcase name="testDeleteEmployee" classname="com.example.demo.EmployeeApplicationTests" time="0.013">
    <system-out><![CDATA[2024-01-23 12:52:19 [main] INFO  o.s.mock.web.MockServletContext - Initializing Spring TestDispatcherServlet ''
2024-01-23 12:52:19 [main] INFO  o.s.t.w.s.TestDispatcherServlet - Initializing Servlet ''
2024-01-23 12:52:19 [main] INFO  o.s.t.w.s.TestDispatcherServlet - Completed initialization in 0 ms
]]></system-out>
  </testcase>
  <testcase name="testGetEmployeeById" classname="com.example.demo.EmployeeApplicationTests" time="0.011">
    <system-out><![CDATA[2024-01-23 12:52:19 [main] INFO  o.s.mock.web.MockServletContext - Initializing Spring TestDispatcherServlet ''
2024-01-23 12:52:19 [main] INFO  o.s.t.w.s.TestDispatcherServlet - Initializing Servlet ''
2024-01-23 12:52:19 [main] INFO  o.s.t.w.s.TestDispatcherServlet - Completed initialization in 0 ms
]]></system-out>
  </testcase>
  <testcase name="testGetAllEmployees" classname="com.example.demo.EmployeeApplicationTests" time="0.012">
    <system-out><![CDATA[2024-01-23 12:52:19 [main] INFO  o.s.mock.web.MockServletContext - Initializing Spring TestDispatcherServlet ''
2024-01-23 12:52:19 [main] INFO  o.s.t.w.s.TestDispatcherServlet - Initializing Servlet ''
2024-01-23 12:52:19 [main] INFO  o.s.t.w.s.TestDispatcherServlet - Completed initialization in 0 ms
]]></system-out>
  </testcase>
  <testcase name="testGetEmployeeByIdNotFound" classname="com.example.demo.EmployeeApplicationTests" time="0.007">
    <system-out><![CDATA[2024-01-23 12:52:19 [main] INFO  o.s.mock.web.MockServletContext - Initializing Spring TestDispatcherServlet ''
2024-01-23 12:52:19 [main] INFO  o.s.t.w.s.TestDispatcherServlet - Initializing Servlet ''
2024-01-23 12:52:19 [main] INFO  o.s.t.w.s.TestDispatcherServlet - Completed initialization in 0 ms
]]></system-out>
  </testcase>
</testsuite>