<?xml version="1.0" encoding="UTF-8"?>
<testsuite xmlns:xsi="http://www.w3.org/2001/XMLSchema-instance" xsi:noNamespaceSchemaLocation="https://maven.apache.org/surefire/maven-surefire-plugin/xsd/surefire-test-report-3.0.xsd" version="3.0" name="com.example.demo.EmployeeApplicationTests" time="5.403" tests="5" errors="0" skipped="0" failures="0">
  <properties>
[...]
</properties>
  <testcase name="testSaveEmployee" classname="com.example.demo.EmployeeApplicationTests" time="0.549">
    <system-out><![CDATA[02:36:21,072 |-INFO in ch.qos.logback.classic.LoggerContext[default] - This is logback-classic version 1.4.14
02:36:21,080 |-INFO in ch.qos.logback.classic.util.ContextInitializer@47fbc56 - Here is a list of configurators discovered as a service, by rank: 
02:36:21,081 |-INFO in ch.qos.logback.classic.util.ContextInitializer@47fbc56 -   org.springframework.boot.logging.logback.RootLogLevelConfigurator
02:36:21,081 |-INFO in ch.qos.logback.classic.util.ContextInitializer@47fbc56 - They will be invoked in order until ExecutionStatus.DO_NOT_INVOKE_NEXT_IF_ANY is returned.
02:36:21,082 |-INFO in ch.qos.logback.classic.util.ContextInitializer@47fbc56 - Constructed configurator of type class org.springframework.boot.logging.logback.RootLogLevelConfigurator
02:36:21,101 |-INFO in ch.qos.logback.classic.util.ContextInitializer@47fbc56 - org.springframework.boot.logging.logback.RootLogLevelConfigurator.configure() call lasted 3 milliseconds. ExecutionStatus=INVOKE_NEXT_IF_ANY
02:36:21,101 |-INFO in ch.qos.logback.classic.util.ContextInitializer@47fbc56 - Trying to configure with ch.qos.logback.classic.joran.SerializedModelConfigurator
02:36:21,103 |-INFO in ch.qos.logback.classic.util.ContextInitializer@47fbc56 - Constructed configurator of type class ch.qos.logback.classic.joran.SerializedModelConfigurator
02:36:21,108 |-INFO in ch.qos.logback.classic.LoggerContext[default] - Could NOT find resource [logback-test.scmo]
02:36:21,109 |-INFO in ch.qos.logback.classic.LoggerContext[default] - Could NOT find resource [logback.scmo]
02:36:21,109 |-INFO in ch.qos.logback.classic.util.ContextInitializer@47fbc56 - ch.qos.logback.classic.joran.SerializedModelConfigurator.configure() call lasted 6 milliseconds. ExecutionStatus=INVOKE_NEXT_IF_ANY
02:36:21,109 |-INFO in ch.qos.logback.classic.util.ContextInitializer@47fbc56 - Trying to configure with ch.qos.logback.classic.util.DefaultJoranConfigurator
02:36:21,110 |-INFO in ch.qos.logback.classic.util.ContextInitializer@47fbc56 - Constructed configurator of type class ch.qos.logback.classic.util.DefaultJoranConfigurator
02:36:21,111 |-INFO in ch.qos.logback.classic.LoggerContext[default] - Could NOT find resource [logback-test.xml]
02:36:21,112 |-INFO in ch.qos.logback.classic.LoggerContext[default] - Found resource [logback.xml] at [file:/C:/Users/MSuveeth/Project/Employee_Project/Employee_details/target/classes/logback.xml]
02:36:21,437 |-INFO in ch.qos.logback.core.model.processor.AppenderModelHandler - Processing appender named [STDOUT]
02:36:21,437 |-INFO in ch.qos.logback.core.model.processor.AppenderModelHandler - About to instantiate appender of type [ch.qos.logback.core.ConsoleAppender]
02:36:21,530 |-WARN in ch.qos.logback.core.ConsoleAppender[STDOUT] - This appender no longer admits a layout as a sub-component, set an encoder instead.
02:36:21,530 |-WARN in ch.qos.logback.core.ConsoleAppender[STDOUT] - To ensure compatibility, wrapping your layout in LayoutWrappingEncoder.
02:36:21,530 |-WARN in ch.qos.logback.core.ConsoleAppender[STDOUT] - See also http://logback.qos.ch/codes.html#layoutInsteadOfEncoder for details
02:36:21,530 |-INFO in ch.qos.logback.core.model.processor.AppenderModelHandler - Processing appender named [FILE-AUDIT]
02:36:21,530 |-INFO in ch.qos.logback.core.model.processor.AppenderModelHandler - About to instantiate appender of type [ch.qos.logback.core.rolling.RollingFileAppender]
02:36:21,560 |-INFO in c.q.l.core.rolling.TimeBasedRollingPolicy@354350463 - No compression will be used
02:36:21,563 |-INFO in c.q.l.core.rolling.TimeBasedRollingPolicy@354350463 - Will use the pattern logs/archived/debug.%d{yyyy-MM-dd}.%i.log for the active file
02:36:21,571 |-INFO in ch.qos.logback.core.rolling.SizeAndTimeBasedFNATP@10895b16 - The date pattern is 'yyyy-MM-dd' from file name pattern 'logs/archived/debug.%d{yyyy-MM-dd}.%i.log'.
02:36:21,571 |-INFO in ch.qos.logback.core.rolling.SizeAndTimeBasedFNATP@10895b16 - Roll-over at midnight.
02:36:21,575 |-INFO in ch.qos.logback.core.rolling.SizeAndTimeBasedFNATP@10895b16 - Setting initial period to 2024-01-18T10:07:24.750Z
02:36:21,575 |-WARN in ch.qos.logback.core.rolling.SizeAndTimeBasedFNATP@10895b16 - SizeAndTimeBasedFNATP is deprecated. Use SizeAndTimeBasedRollingPolicy instead
02:36:21,575 |-WARN in ch.qos.logback.core.rolling.SizeAndTimeBasedFNATP@10895b16 - For more information see http://logback.qos.ch/manual/appenders.html#SizeAndTimeBasedRollingPolicy
02:36:21,591 |-INFO in ch.qos.logback.core.rolling.RollingFileAppender[FILE-AUDIT] - Active log file name: logs/debug.log
02:36:21,593 |-INFO in ch.qos.logback.core.rolling.RollingFileAppender[FILE-AUDIT] - File property is set to [logs/debug.log]
02:36:21,595 |-INFO in ch.qos.logback.core.model.processor.AppenderModelHandler - Processing appender named [FILE-ERROR]
02:36:21,595 |-INFO in ch.qos.logback.core.model.processor.AppenderModelHandler - About to instantiate appender of type [ch.qos.logback.core.rolling.RollingFileAppender]
02:36:21,598 |-INFO in c.q.l.core.rolling.TimeBasedRollingPolicy@1428469551 - No compression will be used
02:36:21,598 |-INFO in c.q.l.core.rolling.TimeBasedRollingPolicy@1428469551 - Will use the pattern logs/archived/error.%d{yyyy-MM-dd}.%i.log for the active file
02:36:21,599 |-INFO in ch.qos.logback.core.rolling.SizeAndTimeBasedFNATP@2cc03cd1 - The date pattern is 'yyyy-MM-dd' from file name pattern 'logs/archived/error.%d{yyyy-MM-dd}.%i.log'.
02:36:21,599 |-INFO in ch.qos.logback.core.rolling.SizeAndTimeBasedFNATP@2cc03cd1 - Roll-over at midnight.
02:36:21,600 |-INFO in ch.qos.logback.core.rolling.SizeAndTimeBasedFNATP@2cc03cd1 - Setting initial period to 2024-01-20T21:02:09.236Z
02:36:21,600 |-WARN in ch.qos.logback.core.rolling.SizeAndTimeBasedFNATP@2cc03cd1 - SizeAndTimeBasedFNATP is deprecated. Use SizeAndTimeBasedRollingPolicy instead
02:36:21,600 |-WARN in ch.qos.logback.core.rolling.SizeAndTimeBasedFNATP@2cc03cd1 - For more information see http://logback.qos.ch/manual/appenders.html#SizeAndTimeBasedRollingPolicy
02:36:21,603 |-INFO in ch.qos.logback.core.rolling.RollingFileAppender[FILE-ERROR] - Active log file name: logs/error.log
02:36:21,603 |-INFO in ch.qos.logback.core.rolling.RollingFileAppender[FILE-ERROR] - File property is set to [logs/error.log]
02:36:21,606 |-INFO in ch.qos.logback.classic.model.processor.LoggerModelHandler - Setting level of logger [logging.level.com.appsdeveloperblog] to DEBUG
02:36:21,612 |-INFO in ch.qos.logback.classic.model.processor.LoggerModelHandler - Setting additivity of logger [logging.level.com.appsdeveloperblog] to false
02:36:21,614 |-INFO in ch.qos.logback.core.model.processor.AppenderRefModelHandler - Attaching appender named [FILE-AUDIT] to Logger[logging.level.com.appsdeveloperblog]
02:36:21,615 |-INFO in ch.qos.logback.core.model.processor.AppenderRefModelHandler - Attaching appender named [STDOUT] to Logger[logging.level.com.appsdeveloperblog]
02:36:21,616 |-INFO in ch.qos.logback.classic.model.processor.RootLoggerModelHandler - Setting level of ROOT logger to ERROR
02:36:21,616 |-INFO in ch.qos.logback.core.model.processor.AppenderRefModelHandler - Attaching appender named [FILE-ERROR] to Logger[ROOT]
02:36:21,616 |-INFO in ch.qos.logback.core.model.processor.DefaultProcessor@4e17913b - End of configuration.
02:36:21,618 |-INFO in ch.qos.logback.classic.joran.JoranConfigurator@149c3204 - Registering current configuration as safe fallback point
02:36:21,618 |-INFO in ch.qos.logback.classic.util.ContextInitializer@47fbc56 - ch.qos.logback.classic.util.DefaultJoranConfigurator.configure() call lasted 508 milliseconds. ExecutionStatus=DO_NOT_INVOKE_NEXT_IF_ANY

]]></system-out>
  </testcase>
  <testcase name="testDeleteEmployee" classname="com.example.demo.EmployeeApplicationTests" time="0.016"/>
  <testcase name="testGetEmployeeById" classname="com.example.demo.EmployeeApplicationTests" time="0.009"/>
  <testcase name="testGetAllEmployees" classname="com.example.demo.EmployeeApplicationTests" time="0.025"/>
  <testcase name="testGetEmployeeByIdNotFound" classname="com.example.demo.EmployeeApplicationTests" time="0.009"/>
</testsuite>